<?xml version="1.0" encoding="UTF-8"?>
<!-- Generated by org.testng.reporters.JUnitXMLReporter -->
<testsuite ignored="2" hostname="LAPTOP-V6AM9CK0" failures="0" tests="0" name="Create CarePlan Test" time="0.09" errors="0" timestamp="2025-06-12T01:23:03 IST">
  <testcase classname="testbase.BaseTest" name="@BeforeTest beforeTest" time="0.017">
    <failure type="java.lang.NumberFormatException" message="Cannot parse null string">
      <![CDATA[java.lang.NumberFormatException: Cannot parse null string
at java.base/java.lang.Integer.parseInt(Integer.java:624)
at java.base/java.lang.Integer.parseInt(Integer.java:778)
at testbase.BaseTest.beforeTest(BaseTest.java:51)
... Removed 22 stack frames]]>
    </failure>
  </testcase> <!-- @BeforeTest beforeTest -->
  <testcase classname="testcases.hc.CarePlan" name="editCarePlan" time="0.0">
    <ignored/>
  </testcase> <!-- editCarePlan -->
  <testcase classname="testcases.hc.CarePlan" name="viewCarePlan" time="0.0">
    <ignored/>
  </testcase> <!-- viewCarePlan -->
</testsuite> <!-- Create CarePlan Test -->
