<?xml version="1.0" encoding="UTF-8"?>
<testng-results ignored="4" total="6" passed="2" failed="0" skipped="0">
  <reporter-output>
  </reporter-output>
  <suite started-at="2025-06-24T18:11:45 IST" name="CarePlan Suite" finished-at="2025-06-24T18:16:45 IST" duration-ms="300211">
    <groups>
    </groups>
    <test started-at="2025-06-24T18:11:45 IST" name="Create Careplan-Create New Care Plan-It.1" finished-at="2025-06-24T18:14:23 IST" duration-ms="158490">
      <class name="testcases.hc.CarePlan">
        <test-method is-config="true" signature="beforeTest(org.testng.ITestContext)[pri:0, instance:testcases.hc.CarePlan@792b749c]" started-at="2025-06-24T18:11:45 IST" name="beforeTest" finished-at="2025-06-24T18:11:49 IST" duration-ms="4366" status="PASS">
          <params>
            <param index="0">
              <value>
                <![CDATA[org.testng.TestRunner@76a14c8d]]>
              </value>
            </param>
          </params>
          <reporter-output>
          </reporter-output>
        </test-method> <!-- beforeTest -->
        <test-method is-config="true" signature="beforeMethod(org.testng.ITestContext)[pri:0, instance:testcases.hc.CarePlan@792b749c]" started-at="2025-06-24T18:11:49 IST" name="beforeMethod" finished-at="2025-06-24T18:11:49 IST" duration-ms="1" status="PASS">
          <params>
            <param index="0">
              <value>
                <![CDATA[org.testng.TestRunner@76a14c8d]]>
              </value>
            </param>
          </params>
          <reporter-output>
          </reporter-output>
        </test-method> <!-- beforeMethod -->
        <test-method signature="createCarePlan(org.testng.ITestContext)[pri:0, instance:testcases.hc.CarePlan@792b749c]" started-at="2025-06-24T18:11:49 IST" name="createCarePlan" finished-at="2025-06-24T18:14:19 IST" duration-ms="149950" status="PASS">
          <params>
            <param index="0">
              <value>
                <![CDATA[org.testng.TestRunner@76a14c8d]]>
              </value>
            </param>
          </params>
          <reporter-output>
          </reporter-output>
        </test-method> <!-- createCarePlan -->
        <test-method is-config="true" signature="quit(org.testng.ITestContext)[pri:0, instance:testcases.hc.CarePlan@792b749c]" started-at="2025-06-24T18:14:19 IST" name="quit" finished-at="2025-06-24T18:14:23 IST" duration-ms="4100" status="PASS">
          <params>
            <param index="0">
              <value>
                <![CDATA[org.testng.TestRunner@76a14c8d]]>
              </value>
            </param>
          </params>
          <reporter-output>
          </reporter-output>
        </test-method> <!-- quit -->
      </class> <!-- testcases.hc.CarePlan -->
    </test> <!-- Create Careplan-Create New Care Plan-It.1 -->
    <test started-at="2025-06-24T18:14:24 IST" name="Create Careplan-Create New Care Plan-It.2" finished-at="2025-06-24T18:16:45 IST" duration-ms="141530">
      <class name="testcases.hc.CarePlan">
        <test-method is-config="true" signature="beforeTest(org.testng.ITestContext)[pri:0, instance:testcases.hc.CarePlan@4d15107f]" started-at="2025-06-24T18:14:24 IST" name="beforeTest" finished-at="2025-06-24T18:14:29 IST" duration-ms="5049" status="PASS">
          <params>
            <param index="0">
              <value>
                <![CDATA[org.testng.TestRunner@54336976]]>
              </value>
            </param>
          </params>
          <reporter-output>
          </reporter-output>
        </test-method> <!-- beforeTest -->
        <test-method is-config="true" signature="beforeMethod(org.testng.ITestContext)[pri:0, instance:testcases.hc.CarePlan@4d15107f]" started-at="2025-06-24T18:14:29 IST" name="beforeMethod" finished-at="2025-06-24T18:14:29 IST" duration-ms="2" status="PASS">
          <params>
            <param index="0">
              <value>
                <![CDATA[org.testng.TestRunner@54336976]]>
              </value>
            </param>
          </params>
          <reporter-output>
          </reporter-output>
        </test-method> <!-- beforeMethod -->
        <test-method signature="createCarePlan(org.testng.ITestContext)[pri:0, instance:testcases.hc.CarePlan@4d15107f]" started-at="2025-06-24T18:14:29 IST" name="createCarePlan" finished-at="2025-06-24T18:16:43 IST" duration-ms="134230" status="PASS">
          <params>
            <param index="0">
              <value>
                <![CDATA[org.testng.TestRunner@54336976]]>
              </value>
            </param>
          </params>
          <reporter-output>
          </reporter-output>
        </test-method> <!-- createCarePlan -->
        <test-method is-config="true" signature="quit(org.testng.ITestContext)[pri:0, instance:testcases.hc.CarePlan@4d15107f]" started-at="2025-06-24T18:16:43 IST" name="quit" finished-at="2025-06-24T18:16:45 IST" duration-ms="2229" status="PASS">
          <params>
            <param index="0">
              <value>
                <![CDATA[org.testng.TestRunner@54336976]]>
              </value>
            </param>
          </params>
          <reporter-output>
          </reporter-output>
        </test-method> <!-- quit -->
      </class> <!-- testcases.hc.CarePlan -->
    </test> <!-- Create Careplan-Create New Care Plan-It.2 -->
  </suite> <!-- CarePlan Suite -->
</testng-results>
