<?xml version="1.0" encoding="UTF-8"?>
<!-- Generated by org.testng.reporters.JUnitXMLReporter -->
<testsuite ignored="2" hostname="LAPTOP-V6AM9CK0" failures="0" tests="1" name="Create Careplan-Create New Care Plan-It.1" time="81.698" errors="0" timestamp="2025-06-18T23:02:40 IST">
  <testcase classname="testcases.hc.CarePlan" name="createCarePlan" time="65.679"/>
  <testcase classname="testcases.hc.CarePlan" name="viewCarePlan" time="0.0">
    <ignored/>
  </testcase> <!-- viewCarePlan -->
  <testcase classname="testcases.hc.CarePlan" name="editCarePlan" time="0.0">
    <ignored/>
  </testcase> <!-- editCarePlan -->
</testsuite> <!-- Create Careplan-Create New Care Plan-It.1 -->
