<?xml version="1.0" encoding="UTF-8"?>
<!-- Generated by org.testng.reporters.JUnitXMLReporter -->
<testsuite ignored="2" hostname="LAPTOP-V6AM9CK0" failures="0" tests="1" name="Create Careplan-Create New Care Plan-It.2" time="63.741" errors="0" timestamp="2025-06-18T23:03:44 IST">
  <testcase classname="testcases.hc.CarePlan" name="createCarePlan" time="59.743"/>
  <testcase classname="testcases.hc.CarePlan" name="editCarePlan" time="0.0">
    <ignored/>
  </testcase> <!-- editCarePlan -->
  <testcase classname="testcases.hc.CarePlan" name="viewCarePlan" time="0.0">
    <ignored/>
  </testcase> <!-- viewCarePlan -->
</testsuite> <!-- Create Careplan-Create New Care Plan-It.2 -->
