<?xml version="1.0" encoding="UTF-8"?>
<!-- Generated by org.testng.reporters.JUnitXMLReporter -->
<testsuite ignored="2" hostname="LAPTOP-V6AM9CK0" failures="0" tests="1" name="Create Careplan-Create New Care Plan-It.2" time="141.53" errors="0" timestamp="2025-06-24T18:16:45 IST">
  <testcase classname="testcases.hc.CarePlan" name="createCarePlan" time="134.23"/>
  <testcase classname="testcases.hc.CarePlan" name="viewCarePlan" time="0.0">
    <ignored/>
  </testcase> <!-- viewCarePlan -->
  <testcase classname="testcases.hc.CarePlan" name="editCarePlan" time="0.0">
    <ignored/>
  </testcase> <!-- editCarePlan -->
</testsuite> <!-- Create Careplan-Create New Care Plan-It.2 -->
