<?xml version="1.0" encoding="UTF-8"?>
<!-- Generated by org.testng.reporters.JUnitXMLReporter -->
<testsuite ignored="2" hostname="LAPTOP-V6AM9CK0" failures="0" tests="1" name="Create Careplan-Create New Care Plan-It.7" time="0.202" errors="0" timestamp="2025-06-17T21:32:15 IST">
  <testcase classname="testcases.hc.CarePlan" name="createCarePlan" time="0.001">
    <skipped/>
  </testcase> <!-- createCarePlan -->
  <testcase classname="testcases.hc.CarePlan" name="editCarePlan" time="0.0">
    <ignored/>
  </testcase> <!-- editCarePlan -->
  <testcase classname="testcases.hc.CarePlan" name="viewCarePlan" time="0.0">
    <ignored/>
  </testcase> <!-- viewCarePlan -->
</testsuite> <!-- Create Careplan-Create New Care Plan-It.7 -->
